#
# There is insufficient memory for the Java Runtime Environment to continue.
# Native memory allocation (malloc) failed to allocate 1048576 bytes for AllocateHeap
# Possible reasons:
#   The system is out of physical RAM or swap space
#   The process is running with CompressedOops enabled, and the Java Heap may be blocking the growth of the native heap
# Possible solutions:
#   Reduce memory load on the system
#   Increase physical memory or swap space
#   Check if swap backing store is full
#   Decrease Java heap size (-Xmx/-Xms)
#   Decrease number of Java threads
#   Decrease Java thread stack sizes (-Xss)
#   Set larger code cache with -XX:ReservedCodeCacheSize=
#   JVM is running with Zero Based Compressed Oops mode in which the Java heap is
#     placed in the first 32GB address space. The Java Heap base address is the
#     maximum limit for the native heap growth. Please use -XX:HeapBaseMinAddress
#     to set the Java Heap base and to place the Java Heap above 32GB virtual address.
# This output file may be truncated or incomplete.
#
#  Out of Memory Error (allocation.cpp:44), pid=35332, tid=36860
#
# JRE version:  (17.0.8.1+7) (build )
# Java VM: OpenJDK 64-Bit Server VM (17.0.8.1+7-b1000.32, mixed mode, sharing, tiered, compressed oops, compressed class ptrs, g1 gc, windows-amd64)
# No core dump will be written. Minidumps are not enabled by default on client versions of Windows
#

---------------  S U M M A R Y ------------

Command Line: git4idea.http.GitAskPassApp Username for 'https://github.com': 

Host: AMD Ryzen 9 6900HS with Radeon Graphics        , 16 cores, 31G,  Windows 11 , 64 bit Build 22621 (10.0.22621.2506)
Time: Mon Jan  8 20:01:51 2024 W. Europe Standard Time elapsed time: 0.009810 seconds (0d 0h 0m 0s)

---------------  T H R E A D  ---------------

Current thread (0x0000027fa4b91640):  JavaThread "Unknown thread" [_thread_in_vm, id=36860, stack(0x000000e831c00000,0x000000e831d00000)]

Stack: [0x000000e831c00000,0x000000e831d00000]
Native frames: (J=compiled Java code, j=interpreted, Vv=VM code, C=native code)
V  [jvm.dll+0x6852da]
V  [jvm.dll+0x844c84]
V  [jvm.dll+0x84659e]
V  [jvm.dll+0x846c03]
V  [jvm.dll+0x24b7cf]
V  [jvm.dll+0xa6b2b]
V  [jvm.dll+0x2eb1a7]
V  [jvm.dll+0x2e2e8b]
V  [jvm.dll+0x815c11]
V  [jvm.dll+0x370df1]
V  [jvm.dll+0x7f4fdc]
V  [jvm.dll+0x3f3f1f]
V  [jvm.dll+0x3f5b31]
C  [jli.dll+0x528f]
C  [ucrtbase.dll+0x29363]
C  [KERNEL32.DLL+0x1257d]
C  [ntdll.dll+0x5aa58]


---------------  P R O C E S S  ---------------

Threads class SMR info:
_java_thread_list=0x00007ffec03000d8, length=0, elements={
}

Java Threads: ( => current thread )

Other Threads:
  0x0000027fa4bfdd10 GCTaskThread "GC Thread#0" [stack: 0x000000e831d00000,0x000000e831e00000] [id=33540]

[error occurred during error reporting (printing all threads), id 0xc0000005, EXCEPTION_ACCESS_VIOLATION (0xc0000005) at pc=0x00007ffebfab00f0]

VM state: not at safepoint (not fully initialized)

VM Mutex/Monitor currently owned by a thread:  ([mutex/lock_event])
[0x0000027fa4b8ccb0] Heap_lock - owner thread: 0x0000027fa4b91640

Heap address: 0x000000060bc00000, size: 8004 MB, Compressed Oops mode: Zero based, Oop shift amount: 3

CDS archive(s) mapped at: [0x0000000000000000-0x0000000000000000-0x0000000000000000), size 0, SharedBaseAddress: 0x0000000800000000, ArchiveRelocationMode: 1.
Narrow klass base: 0x0000000000000000, Narrow klass shift: 0, Narrow klass range: 0x0

GC Precious Log:
<Empty>

Heap:
 garbage-first heap   total 0K, used 0K [0x000000060bc00000, 0x0000000800000000)
  region size 4096K, 0 young (0K), 0 survivors (0K)
 Metaspace       used 0K, committed 0K, reserved 0K
  class space    used 0K, committed 0K, reserved 0K

Heap Regions: E=young(eden), S=young(survivor), O=old, HS=humongous(starts), HC=humongous(continues), CS=collection set, F=free, OA=open archive, CA=closed archive, TAMS=top-at-mark-start (previous, next)

Card table byte_map: [0x0000027fb8b20000,0x0000027fb9ad0000] _byte_map_base: 0x0000027fb5ac2000

GC Heap History (0 events):
No events

Dll operation events (1 events):
Event: 0.006 Loaded shared library C:\Program Files\JetBrains\JetBrains Rider 2023.2.3\jbr\bin\java.dll

Deoptimization events (0 events):
No events

Classes unloaded (0 events):
No events

Classes redefined (0 events):
No events

Internal exceptions (0 events):
No events

VM Operations (0 events):
No events

Events (0 events):
No events


Dynamic libraries:
0x00007ff7d9090000 - 0x00007ff7d909a000 	C:\Program Files\JetBrains\JetBrains Rider 2023.2.3\jbr\bin\java.exe
0x00007fff60750000 - 0x00007fff60967000 	C:\Windows\SYSTEM32\ntdll.dll
0x00007fff5ffb0000 - 0x00007fff60074000 	C:\Windows\System32\KERNEL32.DLL
0x00007fff5e000000 - 0x00007fff5e3a6000 	C:\Windows\System32\KERNELBASE.dll
0x00007fff59d80000 - 0x00007fff59e17000 	C:\Windows\SYSTEM32\apphelp.dll
0x00007fff5dd20000 - 0x00007fff5de31000 	C:\Windows\System32\ucrtbase.dll
0x00007fff51e60000 - 0x00007fff51e77000 	C:\Program Files\JetBrains\JetBrains Rider 2023.2.3\jbr\bin\jli.dll
0x00007fff51e90000 - 0x00007fff51eab000 	C:\Program Files\JetBrains\JetBrains Rider 2023.2.3\jbr\bin\VCRUNTIME140.dll
0x00007fff5f320000 - 0x00007fff5f4ce000 	C:\Windows\System32\USER32.dll
0x00007fff5dc30000 - 0x00007fff5dc56000 	C:\Windows\System32\win32u.dll
0x00007fff47bb0000 - 0x00007fff47e43000 	C:\Windows\WinSxS\amd64_microsoft.windows.common-controls_6595b64144ccf1df_6.0.22621.2506_none_270c5ae97388e100\COMCTL32.dll
0x00007fff605c0000 - 0x00007fff605e9000 	C:\Windows\System32\GDI32.dll
0x00007fff5fae0000 - 0x00007fff5fb87000 	C:\Windows\System32\msvcrt.dll
0x00007fff5dee0000 - 0x00007fff5dff8000 	C:\Windows\System32\gdi32full.dll
0x00007fff5de40000 - 0x00007fff5deda000 	C:\Windows\System32\msvcp_win.dll
0x00007fff60180000 - 0x00007fff601b1000 	C:\Windows\System32\IMM32.DLL
0x00007fff58e50000 - 0x00007fff58e5c000 	C:\Program Files\JetBrains\JetBrains Rider 2023.2.3\jbr\bin\vcruntime140_1.dll
0x00007fff443c0000 - 0x00007fff4444d000 	C:\Program Files\JetBrains\JetBrains Rider 2023.2.3\jbr\bin\msvcp140.dll
0x00007ffebf7c0000 - 0x00007ffec0443000 	C:\Program Files\JetBrains\JetBrains Rider 2023.2.3\jbr\bin\server\jvm.dll
0x00007fff5fb90000 - 0x00007fff5fc41000 	C:\Windows\System32\ADVAPI32.dll
0x00007fff604a0000 - 0x00007fff60545000 	C:\Windows\System32\sechost.dll
0x00007fff605f0000 - 0x00007fff60707000 	C:\Windows\System32\RPCRT4.dll
0x00007fff34c90000 - 0x00007fff34c99000 	C:\Windows\SYSTEM32\WSOCK32.dll
0x00007fff5c8d0000 - 0x00007fff5c91d000 	C:\Windows\SYSTEM32\POWRPROF.dll
0x00007fff54740000 - 0x00007fff54774000 	C:\Windows\SYSTEM32\WINMM.dll
0x00007fff5f4d0000 - 0x00007fff5f541000 	C:\Windows\System32\WS2_32.dll
0x00007fff51e30000 - 0x00007fff51e3a000 	C:\Windows\SYSTEM32\VERSION.dll
0x00007fff5c8b0000 - 0x00007fff5c8c3000 	C:\Windows\SYSTEM32\UMPDC.dll
0x00007fff5cb70000 - 0x00007fff5cb88000 	C:\Windows\SYSTEM32\kernel.appcore.dll
0x00007fff56ba0000 - 0x00007fff56baa000 	C:\Program Files\JetBrains\JetBrains Rider 2023.2.3\jbr\bin\jimage.dll
0x00007fff5b2d0000 - 0x00007fff5b503000 	C:\Windows\SYSTEM32\DBGHELP.DLL
0x00007fff5f6f0000 - 0x00007fff5fa79000 	C:\Windows\System32\combase.dll
0x00007fff601e0000 - 0x00007fff602b7000 	C:\Windows\System32\OLEAUT32.dll
0x00007fff51c50000 - 0x00007fff51c82000 	C:\Windows\SYSTEM32\dbgcore.DLL
0x00007fff5e420000 - 0x00007fff5e49a000 	C:\Windows\System32\bcryptPrimitives.dll
0x00007fff4eb50000 - 0x00007fff4eb75000 	C:\Program Files\JetBrains\JetBrains Rider 2023.2.3\jbr\bin\java.dll

dbghelp: loaded successfully - version: 4.0.5 - missing functions: none
symbol engine: initialized successfully - sym options: 0x614 - pdb path: .;C:\Program Files\JetBrains\JetBrains Rider 2023.2.3\jbr\bin;C:\Windows\SYSTEM32;C:\Windows\WinSxS\amd64_microsoft.windows.common-controls_6595b64144ccf1df_6.0.22621.2506_none_270c5ae97388e100;C:\Program Files\JetBrains\JetBrains Rider 2023.2.3\jbr\bin\server

VM Arguments:
java_command: git4idea.http.GitAskPassApp Username for 'https://github.com': 
java_class_path (initial): C:/Program Files/JetBrains/JetBrains Rider 2023.2.3/plugins/vcs-git/lib/git4idea-rt.jar;C:/Program Files/JetBrains/JetBrains Rider 2023.2.3/lib/externalProcess-rt.jar
Launcher Type: SUN_STANDARD

[Global flags]
     intx CICompilerCount                          = 12                                        {product} {ergonomic}
     uint ConcGCThreads                            = 3                                         {product} {ergonomic}
     uint G1ConcRefinementThreads                  = 13                                        {product} {ergonomic}
   size_t G1HeapRegionSize                         = 4194304                                   {product} {ergonomic}
    uintx GCDrainStackTargetSize                   = 64                                        {product} {ergonomic}
   size_t InitialHeapSize                          = 528482304                                 {product} {ergonomic}
   size_t MarkStackSize                            = 4194304                                   {product} {ergonomic}
   size_t MaxHeapSize                              = 8392802304                                {product} {ergonomic}
   size_t MinHeapDeltaBytes                        = 4194304                                   {product} {ergonomic}
   size_t MinHeapSize                              = 8388608                                   {product} {ergonomic}
    uintx NonNMethodCodeHeapSize                   = 7602480                                {pd product} {ergonomic}
    uintx NonProfiledCodeHeapSize                  = 122027880                              {pd product} {ergonomic}
    uintx ProfiledCodeHeapSize                     = 122027880                              {pd product} {ergonomic}
    uintx ReservedCodeCacheSize                    = 251658240                              {pd product} {ergonomic}
     bool SegmentedCodeCache                       = true                                      {product} {ergonomic}
   size_t SoftMaxHeapSize                          = 8392802304                             {manageable} {ergonomic}
     bool UseCompressedClassPointers               = true                           {product lp64_product} {ergonomic}
     bool UseCompressedOops                        = true                           {product lp64_product} {ergonomic}
     bool UseG1GC                                  = true                                      {product} {ergonomic}
     bool UseLargePagesIndividualAllocation        = false                                  {pd product} {ergonomic}

Logging:
Log output configuration:
 #0: stdout all=warning uptime,level,tags
 #1: stderr all=off uptime,level,tags

Environment Variables:
PATH=C:\Program Files\Git\mingw64\libexec\git-core;C:\Program Files\Git\mingw64\libexec\git-core;C:\Program Files\Git\mingw64\bin;C:\Program Files\Git\usr\bin;C:\Users\Thomas\bin;C:\Program Files\Common Files\Oracle\Java\javapath;C:\Program Files (x86)\Common Files\Oracle\Java\javapath;C:\Program Files (x86)\Common Files\Intel\Shared Libraries\redist\intel64\compiler;C:\Program Files (x86)\Razer Chroma SDK\bin;C:\Program Files\Razer Chroma SDK\bin;C:\Program Files (x86)\VMware\VMware Workstation\bin;C:\Program Files (x86)\Razer\ChromaBroadcast\bin;C:\Program Files\Razer\ChromaBroadcast\bin;C:\Windows\system32;C:\Windows;C:\Windows\System32\Wbem;C:\Windows\System32\WindowsPowerShell\v1.0;C:\Windows\System32\OpenSSH;C:\Program Files\dotnet;C:\Program Files\NVIDIA Corporation\NVIDIA NvDLISR;C:\Windows\system32\config\systemprofile\AppData\Local\Microsoft\WindowsApps;C:\Program Files (x86)\NVIDIA Corporation\PhysX\Common;C:\Program Files\Microsoft SQL Server\Client SDK\ODBC\170\Tools\Binn;C:\Program Files (x86)\Microsoft SQL Server\150\Tools\Binn;C:\Program Files\Microsoft SQL Server\150\Tools\Binn;C:\Program Files\Microsoft SQL Server\150\DTS\Binn;C:\Program Files (x86)\Windows Kits\8.1\Windows Performance Toolkit;C:\Users\Thomas\AppData\Local\Programs\Python\Python310\Scripts;C:\Users\Thomas\AppData\Local\Programs\Python\Python310;C:\Users\Thomas\AppData\Local\Microsoft\WindowsApps;C:\Program Files\JetBrains\PyCharm Community Edition 2022.2.4\bin;C:\Users\Thomas\AppData\Local\Programs\Microsoft VS Code\bin;C:\Users\Thomas\.dotnet\tools;C:\Program Files\Microsoft SQL Server\130\Tools\Binn;C:\Program Files\MySQL\MySQL Server 8.0\bin;C:\Program Files\Git\cmd;C:\Program Files\MySQL\MySQL Shell 8.0\bin;C:\Users\Thomas\AppData\Local\Programs\Python\Python310\Scripts;C:\Users\Thomas\AppData\Local\Programs\Python\Python310;C:\Users\Thomas\AppData\Local\Microsoft\WindowsApps;C:\Program Files\JetBrains\PyCharm Community Edition 2022.2.4\bin;C:\Users\Thomas\AppData\Local\Programs\M
USERNAME=Thomas
DISPLAY=:0.0
LC_ALL=en_US.UTF-8
TERM=xterm-256color
TMPDIR=C:\Users\Thomas\AppData\Local\Temp
OS=Windows_NT
PROCESSOR_IDENTIFIER=AMD64 Family 25 Model 68 Stepping 1, AuthenticAMD
TMP=C:\Users\Thomas\AppData\Local\Temp
TEMP=C:\Users\Thomas\AppData\Local\Temp


JNI global refs:
JNI global refs: 0, weak refs: 0

JNI global refs memory usage: 0, weak refs: 0

OOME stack traces (most recent first):
Classloader memory used:


---------------  S Y S T E M  ---------------

OS:
 Windows 11 , 64 bit Build 22621 (10.0.22621.2506)
OS uptime: 1 days 15:56 hours
Hyper-V role detected

CPU: total 16 (initial active 16) (16 cores per cpu, 2 threads per core) family 25 model 68 stepping 1 microcode 0x0, cx8, cmov, fxsr, ht, mmx, 3dnowpref, sse, sse2, sse3, ssse3, sse4a, sse4.1, sse4.2, popcnt, lzcnt, tsc, tscinvbit, avx, avx2, aes, erms, clmul, bmi1, bmi2, adx, sha, fma, vzeroupper, clflush, clflushopt, hv
Processor Information for all 16 processors :
  Max Mhz: 3301, Current Mhz: 3301, Mhz Limit: 3301

Memory: 4k page, system-wide physical 32012M (14223M free)
TotalPageFile size 115212M (AvailPageFile size 7M)
current process WorkingSet (physical memory assigned to process): 12M, peak: 12M
current process commit charge ("private bytes"): 69M, peak: 70M

vm_info: OpenJDK 64-Bit Server VM (17.0.8.1+7-b1000.32) for windows-amd64 JRE (17.0.8.1+7-b1000.32), built on 2023-09-15 by "builduser" with MS VC++ 16.10 / 16.11 (VS2019)

END.
